Using pre-set license
Built from '2020.3/staging' branch; Version is '2020.3.4f1 (0abb6314276a) revision 703331'; Using compiler version '192528614'; Build Type 'Release'
OS: 'Windows 10 Pro; OS build 19042.928; Version 2009; 64bit' Language: 'es' Physical Memory: 8053 MB
BatchMode: 1, IsHumanControllingUs: 0, StartBugReporterOnCrash: 0, Is64bit: 1, IsPro: 0

 COMMAND LINE ARGUMENTS:
C:\Program Files\Unity\Hub\Editor\2020.3.4f1\Editor\Unity.exe
-adb2
-batchMode
-noUpm
-name
AssetImportWorker0
-projectPath
C:/Users/Toledo S치nchez/Desktop/Yan/Practica
-logFile
Logs/AssetImportWorker0.log
-srvPort
55932
Successfully changed project path to: C:/Users/Toledo S치nchez/Desktop/Yan/Practica
C:/Users/Toledo S치nchez/Desktop/Yan/Practica
Using Asset Import Pipeline V2.
Refreshing native plugins compatible for Editor in 39.09 ms, found 1 plugins.
Preloading 0 native plugins for Editor in 0.00 ms.
Initialize engine version: 2020.3.4f1 (0abb6314276a)
[Subsystems] Discovering subsystems at path C:/Program Files/Unity/Hub/Editor/2020.3.4f1/Editor/Data/Resources/UnitySubsystems
[Subsystems] Discovering subsystems at path C:/Users/Toledo S치nchez/Desktop/Yan/Practica/Assets
GfxDevice: creating device client; threaded=0
Direct3D:
    Version:  Direct3D 11.0 [level 11.1]
    Renderer: Intel(R) UHD Graphics 630 (ID=0x3e92)
    Vendor:   
    VRAM:     4026 MB
    Driver:   27.20.100.8681
Initialize mono
Mono path[0] = 'C:/Program Files/Unity/Hub/Editor/2020.3.4f1/Editor/Data/Managed'
Mono path[1] = 'C:/Program Files/Unity/Hub/Editor/2020.3.4f1/Editor/Data/MonoBleedingEdge/lib/mono/unityjit'
Mono config path = 'C:/Program Files/Unity/Hub/Editor/2020.3.4f1/Editor/Data/MonoBleedingEdge/etc'
Using monoOptions --debugger-agent=transport=dt_socket,embedding=1,server=y,suspend=n,address=127.0.0.1:56172
Begin MonoManager ReloadAssembly
Registering precompiled unity dll's ...
Register platform support module: C:/Program Files/Unity/Hub/Editor/2020.3.4f1/Editor/Data/PlaybackEngines/WindowsStandaloneSupport/UnityEditor.WindowsStandalone.Extensions.dll
Registered in 0.001802 seconds.
Native extension for WindowsStandalone target not found
Refreshing native plugins compatible for Editor in 33.45 ms, found 1 plugins.
Preloading 0 native plugins for Editor in 0.00 ms.
Mono: successfully reloaded assembly
- Completed reload, in  0.922 seconds
Platform modules already initialized, skipping
Registering precompiled user dll's ...
Registered in 0.000958 seconds.
Begin MonoManager ReloadAssembly
Native extension for WindowsStandalone target not found
Refreshing native plugins compatible for Editor in 34.65 ms, found 1 plugins.
Preloading 0 native plugins for Editor in 0.00 ms.
Mono: successfully reloaded assembly
- Completed reload, in  0.833 seconds
Platform modules already initialized, skipping
========================================================================
Worker process is ready to serve import requests
Launched and connected shader compiler UnityShaderCompiler.exe after 0.04 seconds
Refreshing native plugins compatible for Editor in 0.33 ms, found 1 plugins.
Preloading 0 native plugins for Editor in 0.00 ms.
Unloading 1811 Unused Serialized files (Serialized files now loaded: 0)
System memory in use before: 85.0 MB.
System memory in use after: 84.9 MB.

Unloading 24 unused Assets to reduce memory usage. Loaded Objects now: 2254.
Total: 2.010700 ms (FindLiveObjects: 0.234700 ms CreateObjectMapping: 0.087400 ms MarkObjects: 1.574500 ms  DeleteObjects: 0.113400 ms)

========================================================================
Received Import Request.
  path: Assets/Fabricados/Jugador.prefab
  artifactKey: Guid(a9510407949cc704cb86f6573d526fd8) Importer(815301076,1909f56bfc062723c751e8b465ee728b)
Start importing Assets/Fabricados/Jugador.prefab using Guid(a9510407949cc704cb86f6573d526fd8) Importer(815301076,1909f56bfc062723c751e8b465ee728b) The Animator Controller (Idle (1)) you have used is not valid. Animations will not play
UnityEngine.StackTraceUtility:ExtractStackTrace ()
UnityEditor.EditorUtility:Internal_InstantiateRemoveAllNonAnimationComponentsSingle (UnityEngine.Object,UnityEngine.Vector3,UnityEngine.Quaternion)
UnityEditor.EditorUtility:InstantiateRemoveAllNonAnimationComponents (UnityEngine.Object,UnityEngine.Vector3,UnityEngine.Quaternion)
UnityEditor.EditorUtility:InstantiateForAnimatorPreview (UnityEngine.Object)
UnityEditor.GameObjectInspector/PreviewData:UpdateGameObject (UnityEngine.Object)
UnityEditor.GameObjectInspector/PreviewData:.ctor (UnityEngine.Object)
UnityEditor.GameObjectInspector:GetPreviewData ()
UnityEditor.GameObjectInspector:RenderStaticPreview (string,UnityEngine.Object[],int,int)
UnityEditor.AssetPreviewUpdater:CreatePreviewForAsset (UnityEngine.Object,UnityEngine.Object[],string)

[C:\buildslave\unity\build\Modules/Animation/Director/AnimatorControllerPlayable.cpp line 333]

The Animator Controller (Idle (1)) you have used is not valid. Animations will not play
UnityEngine.StackTraceUtility:ExtractStackTrace ()
UnityEditor.EditorUtility:InitInstantiatedPreviewRecursive (UnityEngine.GameObject)
UnityEditor.EditorUtility:InstantiateForAnimatorPreview (UnityEngine.Object)
UnityEditor.GameObjectInspector/PreviewData:UpdateGameObject (UnityEngine.Object)
UnityEditor.GameObjectInspector/PreviewData:.ctor (UnityEngine.Object)
UnityEditor.GameObjectInspector:GetPreviewData ()
UnityEditor.GameObjectInspector:RenderStaticPreview (string,UnityEngine.Object[],int,int)
UnityEditor.AssetPreviewUpdater:CreatePreviewForAsset (UnityEngine.Object,UnityEngine.Object[],string)

[C:\buildslave\unity\build\Modules/Animation/Director/AnimatorControllerPlayable.cpp line 333]

 -> (artifact id: '30e1d72bce4e29721fcdcba1067b7d60') in 0.117440 seconds
  Import took 0.120291 seconds .

========================================================================
Received Import Request.
  Time since last request: 0.000287 seconds.
  path: Assets/Codigo/Personaje.cs
  artifactKey: Guid(97fcdd0a4bd4e0a449b5419f1adf99dc) Importer(815301076,1909f56bfc062723c751e8b465ee728b)
Start importing Assets/Codigo/Personaje.cs using Guid(97fcdd0a4bd4e0a449b5419f1adf99dc) Importer(815301076,1909f56bfc062723c751e8b465ee728b)  -> (artifact id: 'da7f7bf85f9e5fa2802c8fbd11ece135') in 0.022185 seconds
  Import took 0.024876 seconds .

========================================================================
Received Import Request.
  Time since last request: 5.771693 seconds.
  path: Assets/Codigo/Camara.cs
  artifactKey: Guid(fba1f75c5f675f640b7ac2bf4d1ff67f) Importer(815301076,1909f56bfc062723c751e8b465ee728b)
Start importing Assets/Codigo/Camara.cs using Guid(fba1f75c5f675f640b7ac2bf4d1ff67f) Importer(815301076,1909f56bfc062723c751e8b465ee728b)  -> (artifact id: '0a330a3d1cbac0620f4cc076e48f16d8') in 0.020047 seconds
  Import took 0.022923 seconds .

========================================================================
Received Import Request.
  Time since last request: 0.004335 seconds.
  path: Assets/Codigo/Camara.cs
  artifactKey: Guid(fba1f75c5f675f640b7ac2bf4d1ff67f) Importer(815301076,1909f56bfc062723c751e8b465ee728b)
Start importing Assets/Codigo/Camara.cs using Guid(fba1f75c5f675f640b7ac2bf4d1ff67f) Importer(815301076,1909f56bfc062723c751e8b465ee728b)  -> (artifact id: '0a330a3d1cbac0620f4cc076e48f16d8') in 0.003127 seconds
  Import took 0.006760 seconds .

========================================================================
Received Import Request.
  Time since last request: 120.836975 seconds.
  path: Assets/Codigo/Personaje.cs
  artifactKey: Guid(97fcdd0a4bd4e0a449b5419f1adf99dc) Importer(815301076,1909f56bfc062723c751e8b465ee728b)
Start importing Assets/Codigo/Personaje.cs using Guid(97fcdd0a4bd4e0a449b5419f1adf99dc) Importer(815301076,1909f56bfc062723c751e8b465ee728b)  -> (artifact id: '634b6038fb00cf750ee0eea51639a935') in 0.002870 seconds
  Import took 0.006306 seconds .

========================================================================
Received Import Request.
  Time since last request: 0.001999 seconds.
  path: Assets/Codigo/Personaje.cs
  artifactKey: Guid(97fcdd0a4bd4e0a449b5419f1adf99dc) Importer(815301076,1909f56bfc062723c751e8b465ee728b)
Start importing Assets/Codigo/Personaje.cs using Guid(97fcdd0a4bd4e0a449b5419f1adf99dc) Importer(815301076,1909f56bfc062723c751e8b465ee728b)  -> (artifact id: '634b6038fb00cf750ee0eea51639a935') in 0.004187 seconds
  Import took 0.008932 seconds .

========================================================================
Received Import Request.
  Time since last request: 18.635479 seconds.
  path: Assets/Scenes/SampleScene.unity
  artifactKey: Guid(2cda990e2423bbf4892e6590ba056729) Importer(815301076,1909f56bfc062723c751e8b465ee728b)
Start importing Assets/Scenes/SampleScene.unity using Guid(2cda990e2423bbf4892e6590ba056729) Importer(815301076,1909f56bfc062723c751e8b465ee728b)  -> (artifact id: '55d65d5fff917f2d1ced4e7ecabd3689') in 0.034713 seconds
  Import took 0.037733 seconds .

========================================================================
Received Prepare
Registering precompiled user dll's ...
Registered in 0.001113 seconds.
Begin MonoManager ReloadAssembly
Native extension for WindowsStandalone target not found
Refreshing native plugins compatible for Editor in 0.33 ms, found 1 plugins.
Preloading 0 native plugins for Editor in 0.00 ms.
Mono: successfully reloaded assembly
- Completed reload, in  0.769 seconds
Platform modules already initialized, skipping
Refreshing native plugins compatible for Editor in 0.34 ms, found 1 plugins.
Preloading 0 native plugins for Editor in 0.00 ms.
Unloading 1806 Unused Serialized files (Serialized files now loaded: 0)
System memory in use before: 88.2 MB.
System memory in use after: 88.1 MB.

Unloading 12 unused Assets to reduce memory usage. Loaded Objects now: 2265.
Total: 2.018700 ms (FindLiveObjects: 0.175800 ms CreateObjectMapping: 0.063300 ms MarkObjects: 1.678900 ms  DeleteObjects: 0.100000 ms)

========================================================================
Received Import Request.
  Time since last request: 75.085038 seconds.
  path: Assets/Fabricados/Jugador.prefab
  artifactKey: Guid(a9510407949cc704cb86f6573d526fd8) Importer(815301076,1909f56bfc062723c751e8b465ee728b)
Start importing Assets/Fabricados/Jugador.prefab using Guid(a9510407949cc704cb86f6573d526fd8) Importer(815301076,1909f56bfc062723c751e8b465ee728b) The Animator Controller (Idle (1)) you have used is not valid. Animations will not play
UnityEngine.StackTraceUtility:ExtractStackTrace ()
UnityEditor.EditorUtility:Internal_InstantiateRemoveAllNonAnimationComponentsSingle (UnityEngine.Object,UnityEngine.Vector3,UnityEngine.Quaternion)
UnityEditor.EditorUtility:InstantiateRemoveAllNonAnimationComponents (UnityEngine.Object,UnityEngine.Vector3,UnityEngine.Quaternion)
UnityEditor.EditorUtility:InstantiateForAnimatorPreview (UnityEngine.Object)
UnityEditor.GameObjectInspector/PreviewData:UpdateGameObject (UnityEngine.Object)
UnityEditor.GameObjectInspector/PreviewData:.ctor (UnityEngine.Object)
UnityEditor.GameObjectInspector:GetPreviewData ()
UnityEditor.GameObjectInspector:RenderStaticPreview (string,UnityEngine.Object[],int,int)
UnityEditor.AssetPreviewUpdater:CreatePreviewForAsset (UnityEngine.Object,UnityEngine.Object[],string)

[C:\buildslave\unity\build\Modules/Animation/Director/AnimatorControllerPlayable.cpp line 333]

The Animator Controller (Idle (1)) you have used is not valid. Animations will not play
UnityEngine.StackTraceUtility:ExtractStackTrace ()
UnityEditor.EditorUtility:InitInstantiatedPreviewRecursive (UnityEngine.GameObject)
UnityEditor.EditorUtility:InstantiateForAnimatorPreview (UnityEngine.Object)
UnityEditor.GameObjectInspector/PreviewData:UpdateGameObject (UnityEngine.Object)
UnityEditor.GameObjectInspector/PreviewData:.ctor (UnityEngine.Object)
UnityEditor.GameObjectInspector:GetPreviewData ()
UnityEditor.GameObjectInspector:RenderStaticPreview (string,UnityEngine.Object[],int,int)
UnityEditor.AssetPreviewUpdater:CreatePreviewForAsset (UnityEngine.Object,UnityEngine.Object[],string)

[C:\buildslave\unity\build\Modules/Animation/Director/AnimatorControllerPlayable.cpp line 333]

 -> (artifact id: 'd2468a3826993b607c58582dfec4f800') in 0.060273 seconds
  Import took 0.063710 seconds .

========================================================================
Received Import Request.
  Time since last request: 105.145397 seconds.
  path: Assets/Fabricados/Suelo (1).prefab
  artifactKey: Guid(5312c4e8f42ae38448956d848c8b5701) Importer(815301076,1909f56bfc062723c751e8b465ee728b)
Start importing Assets/Fabricados/Suelo (1).prefab using Guid(5312c4e8f42ae38448956d848c8b5701) Importer(815301076,1909f56bfc062723c751e8b465ee728b)  -> (artifact id: 'd3cda69eaa697ff5d1795c0e13e621b3') in 0.040521 seconds
  Import took 0.044321 seconds .

========================================================================
Received Import Request.
  Time since last request: 0.008192 seconds.
  path: Assets/Fabricados/Suelo (1).prefab
  artifactKey: Guid(5312c4e8f42ae38448956d848c8b5701) Importer(815301076,1909f56bfc062723c751e8b465ee728b)
Start importing Assets/Fabricados/Suelo (1).prefab using Guid(5312c4e8f42ae38448956d848c8b5701) Importer(815301076,1909f56bfc062723c751e8b465ee728b)  -> (artifact id: 'd3cda69eaa697ff5d1795c0e13e621b3') in 0.012303 seconds
  Import took 0.015869 seconds .

========================================================================
Received Import Request.
  Time since last request: 191.772283 seconds.
  path: Assets/Scenes/SampleScene.scenetemplate
  artifactKey: Guid(0c69a4b2923f5a04099d3c4f3aa98159) Importer(815301076,1909f56bfc062723c751e8b465ee728b)
Start importing Assets/Scenes/SampleScene.scenetemplate using Guid(0c69a4b2923f5a04099d3c4f3aa98159) Importer(815301076,1909f56bfc062723c751e8b465ee728b)  -> (artifact id: 'db8331be472034f06bb3b1af3703d509') in 0.032780 seconds
  Import took 0.036993 seconds .

========================================================================
Received Import Request.
  Time since last request: 0.014815 seconds.
  path: Assets/Scenes/SampleScene.scenetemplate
  artifactKey: Guid(0c69a4b2923f5a04099d3c4f3aa98159) Importer(815301076,1909f56bfc062723c751e8b465ee728b)
Start importing Assets/Scenes/SampleScene.scenetemplate using Guid(0c69a4b2923f5a04099d3c4f3aa98159) Importer(815301076,1909f56bfc062723c751e8b465ee728b)  -> (artifact id: 'db8331be472034f06bb3b1af3703d509') in 0.014644 seconds
  Import took 0.018833 seconds .

========================================================================
Received Import Request.
  Time since last request: 3.060490 seconds.
  path: Assets/Scenes/SampleScene.unity
  artifactKey: Guid(2cda990e2423bbf4892e6590ba056729) Importer(815301076,1909f56bfc062723c751e8b465ee728b)
Start importing Assets/Scenes/SampleScene.unity using Guid(2cda990e2423bbf4892e6590ba056729) Importer(815301076,1909f56bfc062723c751e8b465ee728b)  -> (artifact id: 'bb4918afa883361125a1c3a35b1b9628') in 0.003861 seconds
  Import took 0.007500 seconds .

========================================================================
Received Import Request.
  Time since last request: 0.004771 seconds.
  path: Assets/Scenes/SampleScene.unity
  artifactKey: Guid(2cda990e2423bbf4892e6590ba056729) Importer(815301076,1909f56bfc062723c751e8b465ee728b)
Start importing Assets/Scenes/SampleScene.unity using Guid(2cda990e2423bbf4892e6590ba056729) Importer(815301076,1909f56bfc062723c751e8b465ee728b)  -> (artifact id: 'bb4918afa883361125a1c3a35b1b9628') in 0.003125 seconds
  Import took 0.007594 seconds .

========================================================================
Received Import Request.
  Time since last request: 179.619787 seconds.
  path: Assets/Scenes/SampleScene.unity
  artifactKey: Guid(2cda990e2423bbf4892e6590ba056729) Importer(815301076,1909f56bfc062723c751e8b465ee728b)
Start importing Assets/Scenes/SampleScene.unity using Guid(2cda990e2423bbf4892e6590ba056729) Importer(815301076,1909f56bfc062723c751e8b465ee728b)  -> (artifact id: '2d8d6d25b41820bb0d87e158b446b341') in 0.004113 seconds
  Import took 0.007946 seconds .

========================================================================
Received Prepare
Registering precompiled user dll's ...
Registered in 0.000928 seconds.
Begin MonoManager ReloadAssembly
Native extension for WindowsStandalone target not found
Refreshing native plugins compatible for Editor in 0.35 ms, found 1 plugins.
Preloading 0 native plugins for Editor in 0.00 ms.
Mono: successfully reloaded assembly
- Completed reload, in  0.805 seconds
Platform modules already initialized, skipping
Refreshing native plugins compatible for Editor in 0.36 ms, found 1 plugins.
Preloading 0 native plugins for Editor in 0.00 ms.
Unloading 1806 Unused Serialized files (Serialized files now loaded: 0)
System memory in use before: 88.2 MB.
System memory in use after: 88.2 MB.

Unloading 12 unused Assets to reduce memory usage. Loaded Objects now: 2270.
Total: 2.133300 ms (FindLiveObjects: 0.185300 ms CreateObjectMapping: 0.073600 ms MarkObjects: 1.758700 ms  DeleteObjects: 0.114700 ms)

========================================================================
Received Prepare
Registering precompiled user dll's ...
Registered in 0.000849 seconds.
Begin MonoManager ReloadAssembly
Native extension for WindowsStandalone target not found
Refreshing native plugins compatible for Editor in 0.34 ms, found 1 plugins.
Preloading 0 native plugins for Editor in 0.00 ms.
Mono: successfully reloaded assembly
- Completed reload, in  0.771 seconds
Platform modules already initialized, skipping
Refreshing native plugins compatible for Editor in 0.33 ms, found 1 plugins.
Preloading 0 native plugins for Editor in 0.00 ms.
Unloading 1806 Unused Serialized files (Serialized files now loaded: 0)
System memory in use before: 88.2 MB.
System memory in use after: 88.2 MB.

Unloading 12 unused Assets to reduce memory usage. Loaded Objects now: 2274.
Total: 2.055400 ms (FindLiveObjects: 0.169300 ms CreateObjectMapping: 0.070900 ms MarkObjects: 1.677300 ms  DeleteObjects: 0.137100 ms)

========================================================================
Received Import Request.
  Time since last request: 188.721646 seconds.
  path: Assets/Personajes/Gato/Animaciones/gato.anim
  artifactKey: Guid(6b95c41a977c38a458bcdec57dd713a8) Importer(815301076,1909f56bfc062723c751e8b465ee728b)
Start importing Assets/Personajes/Gato/Animaciones/gato.anim using Guid(6b95c41a977c38a458bcdec57dd713a8) Importer(815301076,1909f56bfc062723c751e8b465ee728b)  -> (artifact id: 'edfd6558b9f6c866a1280a37b7928d96') in 0.015858 seconds
  Import took 0.019169 seconds .

========================================================================
Received Import Request.
  Time since last request: 0.005274 seconds.
  path: Assets/Personajes/Gato/Animaciones/gato.anim
  artifactKey: Guid(6b95c41a977c38a458bcdec57dd713a8) Importer(815301076,1909f56bfc062723c751e8b465ee728b)
Start importing Assets/Personajes/Gato/Animaciones/gato.anim using Guid(6b95c41a977c38a458bcdec57dd713a8) Importer(815301076,1909f56bfc062723c751e8b465ee728b)  -> (artifact id: 'edfd6558b9f6c866a1280a37b7928d96') in 0.002534 seconds
  Import took 0.005629 seconds .

========================================================================
Received Import Request.
  Time since last request: 124.959914 seconds.
  path: Assets/Personajes/Gato/Animaciones/Idle (1).controller
  artifactKey: Guid(b5d4b867a30f1f448a5d66f499941153) Importer(815301076,1909f56bfc062723c751e8b465ee728b)
Start importing Assets/Personajes/Gato/Animaciones/Idle (1).controller using Guid(b5d4b867a30f1f448a5d66f499941153) Importer(815301076,1909f56bfc062723c751e8b465ee728b)  -> (artifact id: '949be146d43f5c31bd032ba49647b112') in 0.024212 seconds
  Import took 0.027740 seconds .

========================================================================
Received Prepare
Registering precompiled user dll's ...
Registered in 0.000930 seconds.
Begin MonoManager ReloadAssembly
Native extension for WindowsStandalone target not found
Refreshing native plugins compatible for Editor in 0.56 ms, found 1 plugins.
Preloading 0 native plugins for Editor in 0.00 ms.
Mono: successfully reloaded assembly
- Completed reload, in  0.797 seconds
Platform modules already initialized, skipping
Refreshing native plugins compatible for Editor in 0.35 ms, found 1 plugins.
Preloading 0 native plugins for Editor in 0.00 ms.
Unloading 1806 Unused Serialized files (Serialized files now loaded: 0)
System memory in use before: 88.3 MB.
System memory in use after: 88.2 MB.

Unloading 12 unused Assets to reduce memory usage. Loaded Objects now: 2278.
Total: 2.167100 ms (FindLiveObjects: 0.216300 ms CreateObjectMapping: 0.075500 ms MarkObjects: 1.729800 ms  DeleteObjects: 0.144600 ms)

========================================================================
Received Prepare
Registering precompiled user dll's ...
Registered in 0.000969 seconds.
Begin MonoManager ReloadAssembly
Native extension for WindowsStandalone target not found
Refreshing native plugins compatible for Editor in 0.35 ms, found 1 plugins.
Preloading 0 native plugins for Editor in 0.00 ms.
Mono: successfully reloaded assembly
- Completed reload, in  0.766 seconds
Platform modules already initialized, skipping
Refreshing native plugins compatible for Editor in 0.35 ms, found 1 plugins.
Preloading 0 native plugins for Editor in 0.00 ms.
Unloading 1806 Unused Serialized files (Serialized files now loaded: 0)
System memory in use before: 88.3 MB.
System memory in use after: 88.3 MB.

Unloading 12 unused Assets to reduce memory usage. Loaded Objects now: 2282.
Total: 3.714000 ms (FindLiveObjects: 0.510900 ms CreateObjectMapping: 0.268100 ms MarkObjects: 2.772600 ms  DeleteObjects: 0.159500 ms)

========================================================================
Received Prepare
Registering precompiled user dll's ...
Registered in 0.000952 seconds.
Begin MonoManager ReloadAssembly
Native extension for WindowsStandalone target not found
Refreshing native plugins compatible for Editor in 0.35 ms, found 1 plugins.
Preloading 0 native plugins for Editor in 0.00 ms.
Mono: successfully reloaded assembly
- Completed reload, in  0.775 seconds
Platform modules already initialized, skipping
Refreshing native plugins compatible for Editor in 0.37 ms, found 1 plugins.
Preloading 0 native plugins for Editor in 0.00 ms.
Unloading 1806 Unused Serialized files (Serialized files now loaded: 0)
System memory in use before: 88.3 MB.
System memory in use after: 88.3 MB.

Unloading 12 unused Assets to reduce memory usage. Loaded Objects now: 2286.
Total: 2.214300 ms (FindLiveObjects: 0.182100 ms CreateObjectMapping: 0.076000 ms MarkObjects: 1.825800 ms  DeleteObjects: 0.129600 ms)

========================================================================
Received Prepare
Registering precompiled user dll's ...
Registered in 0.000902 seconds.
Begin MonoManager ReloadAssembly
Native extension for WindowsStandalone target not found
Refreshing native plugins compatible for Editor in 0.34 ms, found 1 plugins.
Preloading 0 native plugins for Editor in 0.00 ms.
Mono: successfully reloaded assembly
- Completed reload, in  0.771 seconds
Platform modules already initialized, skipping
Refreshing native plugins compatible for Editor in 0.35 ms, found 1 plugins.
Preloading 0 native plugins for Editor in 0.00 ms.
Unloading 1806 Unused Serialized files (Serialized files now loaded: 0)
System memory in use before: 88.3 MB.
System memory in use after: 88.3 MB.

Unloading 12 unused Assets to reduce memory usage. Loaded Objects now: 2290.
Total: 2.069300 ms (FindLiveObjects: 0.188000 ms CreateObjectMapping: 0.071200 ms MarkObjects: 1.660800 ms  DeleteObjects: 0.148400 ms)

========================================================================
Received Prepare
Registering precompiled user dll's ...
Registered in 0.000963 seconds.
Begin MonoManager ReloadAssembly
Native extension for WindowsStandalone target not found
Refreshing native plugins compatible for Editor in 0.35 ms, found 1 plugins.
Preloading 0 native plugins for Editor in 0.00 ms.
Mono: successfully reloaded assembly
- Completed reload, in  0.767 seconds
Platform modules already initialized, skipping
Refreshing native plugins compatible for Editor in 0.34 ms, found 1 plugins.
Preloading 0 native plugins for Editor in 0.00 ms.
Unloading 1806 Unused Serialized files (Serialized files now loaded: 0)
System memory in use before: 88.3 MB.
System memory in use after: 88.3 MB.

Unloading 12 unused Assets to reduce memory usage. Loaded Objects now: 2294.
Total: 1.993300 ms (FindLiveObjects: 0.192200 ms CreateObjectMapping: 0.071200 ms MarkObjects: 1.601200 ms  DeleteObjects: 0.127800 ms)

========================================================================
Received Prepare
Registering precompiled user dll's ...
Registered in 0.001114 seconds.
Begin MonoManager ReloadAssembly
Native extension for WindowsStandalone target not found
Refreshing native plugins compatible for Editor in 0.35 ms, found 1 plugins.
Preloading 0 native plugins for Editor in 0.00 ms.
Mono: successfully reloaded assembly
- Completed reload, in  0.798 seconds
Platform modules already initialized, skipping
Refreshing native plugins compatible for Editor in 0.34 ms, found 1 plugins.
Preloading 0 native plugins for Editor in 0.00 ms.
Unloading 1806 Unused Serialized files (Serialized files now loaded: 0)
System memory in use before: 88.3 MB.
System memory in use after: 88.3 MB.

Unloading 12 unused Assets to reduce memory usage. Loaded Objects now: 2298.
Total: 4.854900 ms (FindLiveObjects: 0.456600 ms CreateObjectMapping: 0.249700 ms MarkObjects: 3.985900 ms  DeleteObjects: 0.138900 ms)

========================================================================
Received Prepare
Registering precompiled user dll's ...
Registered in 0.001227 seconds.
Begin MonoManager ReloadAssembly
Native extension for WindowsStandalone target not found
Refreshing native plugins compatible for Editor in 0.40 ms, found 1 plugins.
Preloading 0 native plugins for Editor in 0.00 ms.
Mono: successfully reloaded assembly
- Completed reload, in  0.814 seconds
Platform modules already initialized, skipping
Refreshing native plugins compatible for Editor in 0.33 ms, found 1 plugins.
Preloading 0 native plugins for Editor in 0.00 ms.
Unloading 1806 Unused Serialized files (Serialized files now loaded: 0)
System memory in use before: 88.3 MB.
System memory in use after: 88.3 MB.

Unloading 12 unused Assets to reduce memory usage. Loaded Objects now: 2302.
Total: 2.864300 ms (FindLiveObjects: 0.167500 ms CreateObjectMapping: 0.068100 ms MarkObjects: 2.521600 ms  DeleteObjects: 0.106200 ms)

========================================================================
Received Prepare
Registering precompiled user dll's ...
Registered in 0.000911 seconds.
Begin MonoManager ReloadAssembly
Native extension for WindowsStandalone target not found
Refreshing native plugins compatible for Editor in 0.35 ms, found 1 plugins.
Preloading 0 native plugins for Editor in 0.00 ms.
Mono: successfully reloaded assembly
- Completed reload, in  0.818 seconds
Platform modules already initialized, skipping
Refreshing native plugins compatible for Editor in 0.34 ms, found 1 plugins.
Preloading 0 native plugins for Editor in 0.00 ms.
Unloading 1806 Unused Serialized files (Serialized files now loaded: 0)
System memory in use before: 88.3 MB.
System memory in use after: 88.3 MB.

Unloading 12 unused Assets to reduce memory usage. Loaded Objects now: 2306.
Total: 2.820800 ms (FindLiveObjects: 0.265000 ms CreateObjectMapping: 0.162000 ms MarkObjects: 2.271200 ms  DeleteObjects: 0.121300 ms)

========================================================================
Received Import Request.
  Time since last request: 613.890297 seconds.
  path: Assets/Personajes/Monedas/Animaciones/Bronze_1.controller
  artifactKey: Guid(253ad7d7c2b0d074d94ea5f90016f4aa) Importer(815301076,1909f56bfc062723c751e8b465ee728b)
Start importing Assets/Personajes/Monedas/Animaciones/Bronze_1.controller using Guid(253ad7d7c2b0d074d94ea5f90016f4aa) Importer(815301076,1909f56bfc062723c751e8b465ee728b)  -> (artifact id: '068b6f9a4d331d8838c23faf6200f5f4') in 0.016044 seconds
  Import took 0.019493 seconds .

========================================================================
Received Prepare
Registering precompiled user dll's ...
Registered in 0.001524 seconds.
Begin MonoManager ReloadAssembly
Native extension for WindowsStandalone target not found
Refreshing native plugins compatible for Editor in 0.36 ms, found 1 plugins.
Preloading 0 native plugins for Editor in 0.00 ms.
Mono: successfully reloaded assembly
- Completed reload, in  0.767 seconds
Platform modules already initialized, skipping
Refreshing native plugins compatible for Editor in 0.33 ms, found 1 plugins.
Preloading 0 native plugins for Editor in 0.00 ms.
Unloading 1806 Unused Serialized files (Serialized files now loaded: 0)
System memory in use before: 88.3 MB.
System memory in use after: 88.3 MB.

Unloading 12 unused Assets to reduce memory usage. Loaded Objects now: 2310.
Total: 2.085400 ms (FindLiveObjects: 0.161200 ms CreateObjectMapping: 0.058300 ms MarkObjects: 1.725000 ms  DeleteObjects: 0.140200 ms)

========================================================================
Received Import Request.
  Time since last request: 3.274383 seconds.
  path: Assets/Personajes/Monedas/Animaciones/Silver_1.controller
  artifactKey: Guid(d907a9d5f12b94043a83c7b8b4bcdcd7) Importer(815301076,1909f56bfc062723c751e8b465ee728b)
Start importing Assets/Personajes/Monedas/Animaciones/Silver_1.controller using Guid(d907a9d5f12b94043a83c7b8b4bcdcd7) Importer(815301076,1909f56bfc062723c751e8b465ee728b)  -> (artifact id: '831541426cd4c32d1d12c73183a2d99b') in 0.027556 seconds
  Import took 0.034116 seconds .

========================================================================
Received Import Request.
  Time since last request: 1.037508 seconds.
  path: Assets/Personajes/Monedas/Animaciones/Silver_11.controller
  artifactKey: Guid(50877bb649e54434a84b6cc7053e3b11) Importer(815301076,1909f56bfc062723c751e8b465ee728b)
Start importing Assets/Personajes/Monedas/Animaciones/Silver_11.controller using Guid(50877bb649e54434a84b6cc7053e3b11) Importer(815301076,1909f56bfc062723c751e8b465ee728b)  -> (artifact id: '0d721e3e1b770450b9e7a47b58280cda') in 0.009149 seconds
  Import took 0.013180 seconds .

========================================================================
Received Import Request.
  Time since last request: 2.190358 seconds.
  path: Assets/Personajes/Monedas/Animaciones/Silver_1.controller
  artifactKey: Guid(50877bb649e54434a84b6cc7053e3b11) Importer(815301076,1909f56bfc062723c751e8b465ee728b)
Start importing Assets/Personajes/Monedas/Animaciones/Silver_1.controller using Guid(50877bb649e54434a84b6cc7053e3b11) Importer(815301076,1909f56bfc062723c751e8b465ee728b)  -> (artifact id: '32b75553e6d324e5e20f374dd3ce0a94') in 0.005236 seconds
  Import took 0.009576 seconds .

========================================================================
Received Import Request.
  Time since last request: 0.602815 seconds.
  path: Assets/Personajes/Monedas/Animaciones/Bronze_1 1.controller
  artifactKey: Guid(20acbf13c90e02e4d8c571cfb8188c2e) Importer(815301076,1909f56bfc062723c751e8b465ee728b)
Start importing Assets/Personajes/Monedas/Animaciones/Bronze_1 1.controller using Guid(20acbf13c90e02e4d8c571cfb8188c2e) Importer(815301076,1909f56bfc062723c751e8b465ee728b)  -> (artifact id: 'c0ba77f2725c1a4cb080f30c7e67d797') in 0.035435 seconds
  Import took 0.038332 seconds .

========================================================================
Received Import Request.
  Time since last request: 2.145881 seconds.
  path: Assets/Personajes/Monedas/Animaciones/Bronze_1.controller
  artifactKey: Guid(20acbf13c90e02e4d8c571cfb8188c2e) Importer(815301076,1909f56bfc062723c751e8b465ee728b)
Start importing Assets/Personajes/Monedas/Animaciones/Bronze_1.controller using Guid(20acbf13c90e02e4d8c571cfb8188c2e) Importer(815301076,1909f56bfc062723c751e8b465ee728b)  -> (artifact id: '6c0a86a80b25bdaa2641811b35a19102') in 0.008467 seconds
  Import took 0.028987 seconds .

========================================================================
Received Import Request.
  Time since last request: 30.131478 seconds.
  path: Assets/Personajes/Gato/Animaciones/Idle (1) 1.controller
  artifactKey: Guid(ce987e28d3033dd4e86b26a698121abe) Importer(815301076,1909f56bfc062723c751e8b465ee728b)
Start importing Assets/Personajes/Gato/Animaciones/Idle (1) 1.controller using Guid(ce987e28d3033dd4e86b26a698121abe) Importer(815301076,1909f56bfc062723c751e8b465ee728b)  -> (artifact id: '99fb1bf2a0da66827c02defb54000790') in 0.009890 seconds
  Import took 0.014762 seconds .

========================================================================
Received Import Request.
  Time since last request: 0.000855 seconds.
  path: Assets/Personajes/Gato/Animaciones/Idle (1) 1.controller
  artifactKey: Guid(ce987e28d3033dd4e86b26a698121abe) Importer(815301076,1909f56bfc062723c751e8b465ee728b)
Start importing Assets/Personajes/Gato/Animaciones/Idle (1) 1.controller using Guid(ce987e28d3033dd4e86b26a698121abe) Importer(815301076,1909f56bfc062723c751e8b465ee728b)  -> (artifact id: '99fb1bf2a0da66827c02defb54000790') in 0.003273 seconds
  Import took 0.006762 seconds .

========================================================================
Received Import Request.
  Time since last request: 3.584938 seconds.
  path: Assets/Personajes/Gato/Animaciones/Jump (1).controller
  artifactKey: Guid(27d4bfc6360cbc84daa1dbe229cce611) Importer(815301076,1909f56bfc062723c751e8b465ee728b)
Start importing Assets/Personajes/Gato/Animaciones/Jump (1).controller using Guid(27d4bfc6360cbc84daa1dbe229cce611) Importer(815301076,1909f56bfc062723c751e8b465ee728b)  -> (artifact id: '25c6dcd48740b4ef4ab5e8525baf9e77') in 0.008789 seconds
  Import took 0.012209 seconds .

========================================================================
Received Import Request.
  Time since last request: 2.564412 seconds.
  path: Assets/Personajes/Gato/Animaciones/Slide (1).controller
  artifactKey: Guid(31390b83c839cea458abfb265fcad1ef) Importer(815301076,1909f56bfc062723c751e8b465ee728b)
Start importing Assets/Personajes/Gato/Animaciones/Slide (1).controller using Guid(31390b83c839cea458abfb265fcad1ef) Importer(815301076,1909f56bfc062723c751e8b465ee728b)  -> (artifact id: 'a6f562e79ae6ac335b4978c2af36c640') in 0.008648 seconds
  Import took 0.013881 seconds .

========================================================================
Received Import Request.
  Time since last request: 0.000819 seconds.
  path: Assets/Personajes/Gato/Animaciones/Slide (1).controller
  artifactKey: Guid(31390b83c839cea458abfb265fcad1ef) Importer(815301076,1909f56bfc062723c751e8b465ee728b)
Start importing Assets/Personajes/Gato/Animaciones/Slide (1).controller using Guid(31390b83c839cea458abfb265fcad1ef) Importer(815301076,1909f56bfc062723c751e8b465ee728b)  -> (artifact id: 'a6f562e79ae6ac335b4978c2af36c640') in 0.003480 seconds
  Import took 0.007057 seconds .

========================================================================
Received Import Request.
  Time since last request: 0.793196 seconds.
  path: Assets/Personajes/Gato/Animaciones/Run (1).controller
  artifactKey: Guid(5edf197442f5b2841b8119ec1238cdd5) Importer(815301076,1909f56bfc062723c751e8b465ee728b)
Start importing Assets/Personajes/Gato/Animaciones/Run (1).controller using Guid(5edf197442f5b2841b8119ec1238cdd5) Importer(815301076,1909f56bfc062723c751e8b465ee728b)  -> (artifact id: '9ff41cc6f903ba436374c0579157e5ab') in 0.008032 seconds
  Import took 0.011694 seconds .

========================================================================
Received Prepare
Registering precompiled user dll's ...
Registered in 0.000812 seconds.
Begin MonoManager ReloadAssembly
Native extension for WindowsStandalone target not found
Refreshing native plugins compatible for Editor in 0.35 ms, found 1 plugins.
Preloading 0 native plugins for Editor in 0.00 ms.
Mono: successfully reloaded assembly
- Completed reload, in  0.780 seconds
Platform modules already initialized, skipping
Refreshing native plugins compatible for Editor in 0.33 ms, found 1 plugins.
Preloading 0 native plugins for Editor in 0.00 ms.
Unloading 1806 Unused Serialized files (Serialized files now loaded: 0)
System memory in use before: 88.6 MB.
System memory in use after: 88.6 MB.

Unloading 12 unused Assets to reduce memory usage. Loaded Objects now: 2314.
Total: 2.540900 ms (FindLiveObjects: 0.187100 ms CreateObjectMapping: 0.067700 ms MarkObjects: 2.181300 ms  DeleteObjects: 0.103900 ms)

========================================================================
Received Prepare
Registering precompiled user dll's ...
Registered in 0.001053 seconds.
Begin MonoManager ReloadAssembly
Native extension for WindowsStandalone target not found
Refreshing native plugins compatible for Editor in 0.34 ms, found 1 plugins.
Preloading 0 native plugins for Editor in 0.00 ms.
Mono: successfully reloaded assembly
- Completed reload, in  0.798 seconds
Platform modules already initialized, skipping
Refreshing native plugins compatible for Editor in 0.33 ms, found 1 plugins.
Preloading 0 native plugins for Editor in 0.00 ms.
Unloading 1806 Unused Serialized files (Serialized files now loaded: 0)
System memory in use before: 88.6 MB.
System memory in use after: 88.6 MB.

Unloading 12 unused Assets to reduce memory usage. Loaded Objects now: 2318.
Total: 3.718100 ms (FindLiveObjects: 0.504700 ms CreateObjectMapping: 0.265600 ms MarkObjects: 2.819000 ms  DeleteObjects: 0.126200 ms)

========================================================================
Received Prepare
Registering precompiled user dll's ...
Registered in 0.000967 seconds.
Begin MonoManager ReloadAssembly
Native extension for WindowsStandalone target not found
Refreshing native plugins compatible for Editor in 0.35 ms, found 1 plugins.
Preloading 0 native plugins for Editor in 0.00 ms.
Mono: successfully reloaded assembly
- Completed reload, in  0.773 seconds
Platform modules already initialized, skipping
Refreshing native plugins compatible for Editor in 0.34 ms, found 1 plugins.
Preloading 0 native plugins for Editor in 0.00 ms.
Unloading 1806 Unused Serialized files (Serialized files now loaded: 0)
System memory in use before: 88.6 MB.
System memory in use after: 88.6 MB.

Unloading 12 unused Assets to reduce memory usage. Loaded Objects now: 2322.
Total: 2.062100 ms (FindLiveObjects: 0.178600 ms CreateObjectMapping: 0.068200 ms MarkObjects: 1.679400 ms  DeleteObjects: 0.135100 ms)

========================================================================
Received Prepare
Registering precompiled user dll's ...
Registered in 0.001216 seconds.
Begin MonoManager ReloadAssembly
Native extension for WindowsStandalone target not found
Refreshing native plugins compatible for Editor in 0.34 ms, found 1 plugins.
Preloading 0 native plugins for Editor in 0.00 ms.
Mono: successfully reloaded assembly
- Completed reload, in  0.775 seconds
Platform modules already initialized, skipping
Refreshing native plugins compatible for Editor in 0.37 ms, found 1 plugins.
Preloading 0 native plugins for Editor in 0.00 ms.
Unloading 1806 Unused Serialized files (Serialized files now loaded: 0)
System memory in use before: 88.6 MB.
System memory in use after: 88.6 MB.

Unloading 12 unused Assets to reduce memory usage. Loaded Objects now: 2326.
Total: 2.766800 ms (FindLiveObjects: 0.464500 ms CreateObjectMapping: 0.250900 ms MarkObjects: 1.953200 ms  DeleteObjects: 0.096200 ms)

========================================================================
Received Prepare
Registering precompiled user dll's ...
Registered in 0.001541 seconds.
Begin MonoManager ReloadAssembly
Native extension for WindowsStandalone target not found
Refreshing native plugins compatible for Editor in 0.73 ms, found 1 plugins.
Preloading 0 native plugins for Editor in 0.00 ms.
Mono: successfully reloaded assembly
- Completed reload, in  0.799 seconds
Platform modules already initialized, skipping
Refreshing native plugins compatible for Editor in 0.34 ms, found 1 plugins.
Preloading 0 native plugins for Editor in 0.00 ms.
Unloading 1806 Unused Serialized files (Serialized files now loaded: 0)
System memory in use before: 88.6 MB.
System memory in use after: 88.6 MB.

Unloading 12 unused Assets to reduce memory usage. Loaded Objects now: 2330.
Total: 2.159600 ms (FindLiveObjects: 0.269200 ms CreateObjectMapping: 0.121800 ms MarkObjects: 1.665800 ms  DeleteObjects: 0.100900 ms)

========================================================================
Received Prepare
Registering precompiled user dll's ...
Registered in 0.001226 seconds.
Begin MonoManager ReloadAssembly
Native extension for WindowsStandalone target not found
Refreshing native plugins compatible for Editor in 0.79 ms, found 1 plugins.
Preloading 0 native plugins for Editor in 0.00 ms.
Mono: successfully reloaded assembly
- Completed reload, in  1.435 seconds
Platform modules already initialized, skipping
Refreshing native plugins compatible for Editor in 0.35 ms, found 1 plugins.
Preloading 0 native plugins for Editor in 0.00 ms.
Unloading 1806 Unused Serialized files (Serialized files now loaded: 0)
System memory in use before: 88.6 MB.
System memory in use after: 88.6 MB.

Unloading 12 unused Assets to reduce memory usage. Loaded Objects now: 2334.
Total: 1.847000 ms (FindLiveObjects: 0.185900 ms CreateObjectMapping: 0.070800 ms MarkObjects: 1.488400 ms  DeleteObjects: 0.101100 ms)

========================================================================
Received Prepare
Registering precompiled user dll's ...
Registered in 0.001070 seconds.
Begin MonoManager ReloadAssembly
Native extension for WindowsStandalone target not found
Refreshing native plugins compatible for Editor in 0.39 ms, found 1 plugins.
Preloading 0 native plugins for Editor in 0.00 ms.
Mono: successfully reloaded assembly
- Completed reload, in  0.844 seconds
Platform modules already initialized, skipping
Refreshing native plugins compatible for Editor in 0.35 ms, found 1 plugins.
Preloading 0 native plugins for Editor in 0.00 ms.
Unloading 1806 Unused Serialized files (Serialized files now loaded: 0)
System memory in use before: 88.6 MB.
System memory in use after: 88.6 MB.

Unloading 12 unused Assets to reduce memory usage. Loaded Objects now: 2338.
Total: 2.963000 ms (FindLiveObjects: 0.317200 ms CreateObjectMapping: 0.755400 ms MarkObjects: 1.779300 ms  DeleteObjects: 0.108800 ms)

========================================================================
Received Prepare
Registering precompiled user dll's ...
Registered in 0.001647 seconds.
Begin MonoManager ReloadAssembly
Native extension for WindowsStandalone target not found
Refreshing native plugins compatible for Editor in 1.11 ms, found 1 plugins.
Preloading 0 native plugins for Editor in 0.00 ms.
Mono: successfully reloaded assembly
- Completed reload, in  1.441 seconds
Platform modules already initialized, skipping
Refreshing native plugins compatible for Editor in 0.39 ms, found 1 plugins.
Preloading 0 native plugins for Editor in 0.00 ms.
Unloading 1806 Unused Serialized files (Serialized files now loaded: 0)
System memory in use before: 88.6 MB.
System memory in use after: 88.6 MB.

Unloading 12 unused Assets to reduce memory usage. Loaded Objects now: 2342.
Total: 5.185800 ms (FindLiveObjects: 2.522000 ms CreateObjectMapping: 0.160000 ms MarkObjects: 2.359900 ms  DeleteObjects: 0.141000 ms)

========================================================================
Received Prepare
Registering precompiled user dll's ...
Registered in 0.001000 seconds.
Begin MonoManager ReloadAssembly
Native extension for WindowsStandalone target not found
Refreshing native plugins compatible for Editor in 0.53 ms, found 1 plugins.
Preloading 0 native plugins for Editor in 0.00 ms.
Mono: successfully reloaded assembly
- Completed reload, in  1.063 seconds
Platform modules already initialized, skipping
Refreshing native plugins compatible for Editor in 0.46 ms, found 1 plugins.
Preloading 0 native plugins for Editor in 0.00 ms.
Unloading 1806 Unused Serialized files (Serialized files now loaded: 0)
System memory in use before: 88.7 MB.
System memory in use after: 88.6 MB.

Unloading 12 unused Assets to reduce memory usage. Loaded Objects now: 2346.
Total: 4.692300 ms (FindLiveObjects: 0.983600 ms CreateObjectMapping: 1.001500 ms MarkObjects: 2.506700 ms  DeleteObjects: 0.197100 ms)

